<?xml version="1.0" encoding="UTF-8"?>
<!-- Generated by org.testng.reporters.JUnitReportReporter -->
<testsuite hostname="DESKTOP-J5DID6H" failures="0" tests="2" name="Test.Login" time="33.166" errors="0" timestamp="2021-01-07T21:54:26 EST" skipped="0">
  <testcase classname="Test.Login" name="register" time="14.231"/>
  <system-out/>
  <testcase classname="Test.Login" name="negativelogin" time="18.935"/>
  <system-out/>
</testsuite> <!-- Test.Login -->
